1.0218862 0
0.5186956 100
0.35847408 200
0.39972323 300
0.3482466 400
0.3434133 500
0.38796747 600
0.30979925 700
0.34772998 800
0.3403089 900
0.22857589 1000
0.27272177 1100
0.23621395 1200
0.29772466 1300
0.23366493 1400
0.27182245 1500
0.23535305 1600
0.3185692 1700
0.23333019 1800
0.30707008 1900
0.18656304 2000
0.18715279 2100
0.1443583 2200
0.12635505 2300
0.15235075 2400
0.16846885 2500
0.08956495 2600
0.08271434 2700
0.111416705 2800
0.15365322 2900
0.13628608 3000
0.11042709 3100
0.06393729 3200
0.053375434 3300
0.114489384 3400
0.086134925 3500
0.066648535 3600
0.10406309 3700
0.04419697 3800
0.12511328 3900
0.11059156 4000
0.043235414 4100
0.052045528 4200
0.05638282 4300
0.05289631 4400
0.049040448 4500
0.030390669 4600
0.012548172 4700
0.11258875 4800
0.08994587 4900
0.025694255 5000
0.020793306 5100
0.06512974 5200
0.043220975 5300
0.01693129 5400
